Before QuadDebug Rank:0
QuadDebug:0
node id0 bufqcd12kmi nodemap[buf]0
Beam input nu_pz:0.054
beam Input's N:10
this is what beamInput gets:eq_e.dat
Num Devices: 1
Device MPI RANK:0 GPU Rank:0, name:Tesla K20m
Beam Initialized
mapFilePath:input/eq_e.dat
Map file name:eq_e.dat
about to read map
mapFilePath:input/eq_p.dat
Map file name:eq_p.dat
about to read map
mapFilePath:input/map_e.dat
Map file name:map_e.dat
about to read map
About to Dump Particles
DP: Outputting dump in:output/dump.IC_e.PID_0.Turn_0
mapFilePath:input/map_p.dat
Map file name:map_p.dat
about to read map
DP: Outputting dump in:output/dump.IC_p.PID_0.Turn_0
TrackingWithCollision
Pre_Tracking took 83.305 ms in qcd12kmi (Rank = 0)

gpu_alloc took 412.456 ms in qcd12kmi (Rank = 0)

========================
ind_col took 1333.71 ms in qcd12kmi (Rank = 0)

Lc:3.6719782836321438e+24
exp(arg):9.9999959613926870e-01
sig_x_e:2.1751056762681563e-05
sig_x_p:2.1756396785835284e-05
sig_y_e:4.3397262920004085e-06
sig_y_p:4.3344650627492526e-06
Lum:1.9459746455116898e+34
========================
ind_col took 1270.64 ms in qcd12kmi (Rank = 0)

Lc:3.6719782836321438e+24
exp(arg):9.9999850472926521e-01
sig_x_e:2.1764883611922814e-05
sig_x_p:2.1772309050371971e-05
sig_y_e:4.3462663070158354e-06
sig_y_p:4.3321068267714534e-06
Lum:1.9437039857900184e+34
========================
ind_col took 1263.97 ms in qcd12kmi (Rank = 0)

Lc:3.6719782836321438e+24
exp(arg):9.9999965517626843e-01
sig_x_e:2.1784906410554872e-05
sig_x_p:2.1764422024626969e-05
sig_y_e:4.3418050028665459e-06
sig_y_p:4.3263201517541722e-06
Lum:1.9454611989886096e+34
ind_col took 0.096608 ms in qcd12kmi (Rank = 0)

========================
ind_col took 1285.65 ms in qcd12kmi (Rank = 0)

Lc:3.6719782836321438e+24
exp(arg):9.9999977694485442e-01
sig_x_e:2.0097232293832980e-05
sig_x_p:2.1770561632685102e-05
sig_y_e:4.1001097293189638e-06
sig_y_p:4.3283598088755278e-06
Lum:2.0787172813371264e+34
========================
ind_col took 1269.29 ms in qcd12kmi (Rank = 0)

Lc:3.6719782836321438e+24
exp(arg):9.9999990292330210e-01
sig_x_e:2.0111081199326967e-05
sig_x_p:2.1270848972128713e-05
sig_y_e:4.1274890423100078e-06
sig_y_p:4.2507802069090794e-06
Lum:2.1171298286869219e+34
========================
ind_col took 1264.33 ms in qcd12kmi (Rank = 0)

Lc:3.6719782836321438e+24
exp(arg):9.9999964248364359e-01
sig_x_e:2.0130028781853998e-05
sig_x_p:2.1272372593161896e-05
sig_y_e:4.1214663141306572e-06
sig_y_p:4.2474664492626261e-06
Lum:2.1184580678078993e+34
ind_col took 0.096032 ms in qcd12kmi (Rank = 0)

========================
ind_col took 1262.71 ms in qcd12kmi (Rank = 0)

Lc:3.6719782836321438e+24
exp(arg):9.9999952766512779e-01
sig_x_e:1.7432042278927099e-05
sig_x_p:2.1251600884451883e-05
sig_y_e:3.8927378803845591e-06
sig_y_p:4.2441946723968799e-06
Lum:2.3196918799224028e+34
========================
ind_col took 1266.4 ms in qcd12kmi (Rank = 0)

Lc:3.6719782836321438e+24
exp(arg):9.9999939422099771e-01
sig_x_e:1.7373358131473077e-05
sig_x_p:2.1211954079906947e-05
sig_y_e:3.8441295184693620e-06
sig_y_p:4.2441670209766427e-06
Lum:2.3387386568729559e+34
========================
ind_col took 1269.24 ms in qcd12kmi (Rank = 0)

Lc:3.6719782836321438e+24
exp(arg):9.9999876496195317e-01
sig_x_e:1.7391519715606451e-05
sig_x_p:2.0750770643434883e-05
sig_y_e:3.8538235045476322e-06
sig_y_p:4.2575156227943928e-06
Lum:2.3616482615414455e+34
ind_col took 0.095872 ms in qcd12kmi (Rank = 0)

========================
ind_col took 1279.87 ms in qcd12kmi (Rank = 0)

Lc:3.6719782836321438e+24
exp(arg):9.9999982049897962e-01
sig_x_e:1.5057409865203671e-05
sig_x_p:2.0734168450867291e-05
sig_y_e:3.8723460810579268e-06
sig_y_p:4.2582019737943166e-06
Lum:2.4896935168259069e+34
========================
ind_col took 1278.08 ms in qcd12kmi (Rank = 0)

Lc:3.6719782836321438e+24
exp(arg):9.9999961155118522e-01
sig_x_e:1.4984921584146586e-05
sig_x_p:2.0645660780586162e-05
sig_y_e:3.8438788152631779e-06
sig_y_p:4.2499568832691281e-06
Lum:2.5118506392216773e+34
========================
ind_col took 1266.85 ms in qcd12kmi (Rank = 0)

Lc:3.6719782836321438e+24
exp(arg):9.9999884801242755e-01
sig_x_e:1.4911510971767978e-05
sig_x_p:2.0613830025257748e-05
sig_y_e:3.7589212448227427e-06
sig_y_p:4.2535162046417460e-06
Lum:2.5425936316658467e+34
ind_col took 0.099552 ms in qcd12kmi (Rank = 0)

========================
ind_col took 1266.2 ms in qcd12kmi (Rank = 0)

Lc:3.6719782836321438e+24
exp(arg):9.9999983932360381e-01
sig_x_e:1.4616548379504650e-05
sig_x_p:2.0671264771939632e-05
sig_y_e:3.9563802792473074e-06
sig_y_p:4.3176996823102966e-06
Lum:2.4766882785481999e+34
========================
ind_col took 1260.59 ms in qcd12kmi (Rank = 0)

Lc:3.6719782836321438e+24
exp(arg):9.9999897720103803e-01
sig_x_e:1.4616995345506351e-05
sig_x_p:2.0590986206213964e-05
sig_y_e:4.0075235036559402e-06
sig_y_p:4.3137882501650728e-06
Lum:2.4696723914468861e+34
========================
ind_col took 1261.4 ms in qcd12kmi (Rank = 0)

Lc:3.6719782836321438e+24
exp(arg):9.9999784100300260e-01
sig_x_e:1.4533241711370348e-05
sig_x_p:2.0519794483072095e-05
sig_y_e:3.9542041682062467e-06
sig_y_p:4.3119864772827010e-06
Lum:2.4960231425946915e+34
ind_col took 0.095552 ms in qcd12kmi (Rank = 0)

========================
ind_col took 1257.92 ms in qcd12kmi (Rank = 0)

Lc:3.6719782836321438e+24
exp(arg):9.9999928730852305e-01
sig_x_e:1.6390775854480018e-05
sig_x_p:2.0544827877522109e-05
sig_y_e:3.9927241059683768e-06
sig_y_p:4.3148157042949512e-06
Lum:2.3766024275727156e+34
========================
ind_col took 1262.52 ms in qcd12kmi (Rank = 0)

Lc:3.6719782836321438e+24
exp(arg):9.9999955848293753e-01
sig_x_e:1.6496100496972146e-05
sig_x_p:2.1050764741079402e-05
sig_y_e:4.0759877976614524e-06
sig_y_p:4.2856104682097732e-06
Lum:2.3214450979952377e+34
========================
ind_col took 1258.85 ms in qcd12kmi (Rank = 0)

Lc:3.6719782836321438e+24
exp(arg):9.9999605282997861e-01
sig_x_e:1.6485656281807458e-05
sig_x_p:2.0995189174409063e-05
sig_y_e:4.1228095240578498e-06
sig_y_p:4.2839114321491868e-06
Lum:2.3136187006438619e+34
ind_col took 0.095968 ms in qcd12kmi (Rank = 0)

========================
ind_col took 1263.07 ms in qcd12kmi (Rank = 0)

Lc:3.6719782836321438e+24
exp(arg):9.9999978353267505e-01
sig_x_e:1.8838692138032084e-05
sig_x_p:2.1007211518901560e-05
sig_y_e:3.9491248764826352e-06
sig_y_p:4.2833873604825464e-06
Lum:2.2336444762609447e+34
========================
ind_col took 1260.74 ms in qcd12kmi (Rank = 0)

Lc:3.6719782836321438e+24
exp(arg):9.9999930820808192e-01
sig_x_e:1.9061061311498368e-05
sig_x_p:2.1130346713626111e-05
sig_y_e:4.0228347832328870e-06
sig_y_p:4.2895636791261364e-06
Lum:2.1941782537190229e+34
========================
ind_col took 1271.18 ms in qcd12kmi (Rank = 0)

Lc:3.6719782836321438e+24
exp(arg):9.9999894854382221e-01
sig_x_e:1.9140014263903006e-05
sig_x_p:2.1536285253678075e-05
sig_y_e:4.1084757398532255e-06
sig_y_p:4.2462142847200236e-06
Lum:2.1569821589873504e+34
ind_col took 0.09648 ms in qcd12kmi (Rank = 0)

========================
ind_col took 1260.82 ms in qcd12kmi (Rank = 0)

Lc:3.6719782836321438e+24
exp(arg):9.9999911324749025e-01
sig_x_e:2.0545010478701529e-05
sig_x_p:2.1559739602699646e-05
sig_y_e:3.9661205552656212e-06
sig_y_p:4.2485004840715537e-06
Lum:2.1214292815299379e+34
========================
ind_col took 1260.46 ms in qcd12kmi (Rank = 0)

Lc:3.6719782836321438e+24
exp(arg):9.9999994709995232e-01
sig_x_e:2.0804981947963455e-05
sig_x_p:2.1692068161381824e-05
sig_y_e:3.9505806417481506e-06
sig_y_p:4.2441340885499088e-06
Lum:2.1069992605587272e+34
========================
ind_col took 1260.36 ms in qcd12kmi (Rank = 0)

Lc:3.6719782836321438e+24
exp(arg):9.9999749341898214e-01
sig_x_e:2.1012974604374958e-05
sig_x_p:2.1802205358473013e-05
sig_y_e:4.0484811396047559e-06
sig_y_p:4.2467984479004897e-06
Lum:2.0668185958762799e+34
ind_col took 0.095424 ms in qcd12kmi (Rank = 0)

========================
ind_col took 1264.98 ms in qcd12kmi (Rank = 0)

Lc:3.6719782836321438e+24
exp(arg):9.9999984593670055e-01
sig_x_e:2.0910064893490563e-05
sig_x_p:2.1686908581096439e-05
sig_y_e:4.1594337111322976e-06
sig_y_p:4.3109255737874239e-06
Lum:2.0347347405962776e+34
========================
ind_col took 1265.97 ms in qcd12kmi (Rank = 0)

Lc:3.6719782836321438e+24
exp(arg):9.9999962127844666e-01
sig_x_e:2.1135424557790386e-05
sig_x_p:2.1795722811230530e-05
sig_y_e:4.0985345010723158e-06
sig_y_p:4.3098059896417014e-06
Lum:2.0335681838482107e+34
========================
ind_col took 1262.86 ms in qcd12kmi (Rank = 0)

Lc:3.6719782836321438e+24
exp(arg):9.9999929598804294e-01
sig_x_e:2.1411561850915252e-05
sig_x_p:2.1914133119213465e-05
sig_y_e:4.0645529731919144e-06
sig_y_p:4.3034941052430524e-06
Lum:2.0246686121853219e+34
ind_col took 0.094272 ms in qcd12kmi (Rank = 0)

========================
ind_col took 1275.57 ms in qcd12kmi (Rank = 0)

Lc:3.6719782836321438e+24
exp(arg):9.9999993602073822e-01
sig_x_e:1.9989702907434560e-05
sig_x_p:2.1917449721115715e-05
sig_y_e:4.3501847462484253e-06
sig_y_p:4.3034512115707347e-06
Lum:2.0229165026069525e+34
========================
ind_col took 1279.09 ms in qcd12kmi (Rank = 0)

Lc:3.6719782836321438e+24
exp(arg):9.9999963252744040e-01
sig_x_e:2.0116351007258644e-05
sig_x_p:2.1397159824483775e-05
sig_y_e:4.3465270243071439e-06
sig_y_p:4.3447040395823606e-06
Lum:2.0344759835930304e+34
========================
ind_col took 1267.38 ms in qcd12kmi (Rank = 0)

Lc:3.6719782836321438e+24
exp(arg):9.9999908791580272e-01
sig_x_e:2.0380512024618168e-05
sig_x_p:2.1484757290672018e-05
sig_y_e:4.2244918965086435e-06
sig_y_p:4.3391668765259139e-06
Lum:2.0475122487148670e+34
ind_col took 0.097216 ms in qcd12kmi (Rank = 0)

========================
ind_col took 1273.84 ms in qcd12kmi (Rank = 0)

Lc:3.6719782836321438e+24
exp(arg):9.9999991213651562e-01
sig_x_e:1.8315138238348858e-05
sig_x_p:2.1471435166134760e-05
sig_y_e:4.2914521307025259e-06
sig_y_p:4.3355205083731016e-06
Lum:2.1328834960422484e+34
========================
ind_col took 1277.92 ms in qcd12kmi (Rank = 0)

Lc:3.6719782836321438e+24
exp(arg):9.9999900345608084e-01
sig_x_e:1.8322725233770524e-05
sig_x_p:2.1350521357057278e-05
sig_y_e:4.4071858595960516e-06
sig_y_p:4.3395035169041079e-06
Lum:2.1101538345210440e+34
========================
ind_col took 1282.94 ms in qcd12kmi (Rank = 0)

Lc:3.6719782836321438e+24
exp(arg):9.9999768203706563e-01
sig_x_e:1.8490221169604231e-05
sig_x_p:2.0948350220772271e-05
sig_y_e:4.3387058058881033e-06
sig_y_p:4.2748818767909080e-06
Lum:2.1575952701223512e+34
ind_col took 0.094144 ms in qcd12kmi (Rank = 0)

========================
ind_col took 1278.86 ms in qcd12kmi (Rank = 0)

Lc:3.6719782836321438e+24
exp(arg):9.9999925574839854e-01
sig_x_e:1.6806917925178360e-05
sig_x_p:2.0929502777513005e-05
sig_y_e:4.1082541456181554e-06
sig_y_p:4.2727568241715852e-06
Lum:2.3078774261700200e+34
========================
ind_col took 1282.23 ms in qcd12kmi (Rank = 0)

Lc:3.6719782836321438e+24
exp(arg):9.9999948214458856e-01
sig_x_e:1.6735449377939189e-05
sig_x_p:2.0748960490265206e-05
sig_y_e:4.2060699615551624e-06
sig_y_p:4.2687490580770793e-06
Lum:2.2985904982200627e+34
========================
ind_col took 1277.9 ms in qcd12kmi (Rank = 0)

Lc:3.6719782836321438e+24
exp(arg):9.9999511351712600e-01
sig_x_e:1.6730070890766961e-05
sig_x_p:2.0643774436832502e-05
sig_y_e:4.2597859348065781e-06
sig_y_p:4.2750220316196153e-06
Lum:2.2897998146647953e+34
ind_col took 0.095232 ms in qcd12kmi (Rank = 0)

========================
ind_col took 1292.37 ms in qcd12kmi (Rank = 0)

Lc:3.6719782836321438e+24
exp(arg):9.9999939111629677e-01
sig_x_e:1.6323504647614783e-05
sig_x_p:2.0778801906969006e-05
sig_y_e:4.0420527663422231e-06
sig_y_p:4.2597431593759069e-06
Lum:2.3664580479410455e+34
========================
ind_col took 1272.96 ms in qcd12kmi (Rank = 0)

Lc:3.6719782836321438e+24
exp(arg):9.9999820141438800e-01
sig_x_e:1.6277388235594792e-05
sig_x_p:2.0633507081810563e-05
sig_y_e:4.0173289573689290e-06
sig_y_p:4.2567802302280273e-06
Lum:2.3870863809777264e+34
========================
ind_col took 1278.63 ms in qcd12kmi (Rank = 0)

Lc:3.6719782836321438e+24
exp(arg):9.9999745877893897e-01
sig_x_e:1.6151475181679098e-05
sig_x_p:2.0476050894364625e-05
sig_y_e:4.0967474478047075e-06
sig_y_p:4.2533882037821810e-06
Lum:2.3842142939078860e+34
ind_col took 0.096032 ms in qcd12kmi (Rank = 0)

========================
ind_col took 1269.99 ms in qcd12kmi (Rank = 0)

Lc:3.6719782836321438e+24
exp(arg):9.9999834621565686e-01
sig_x_e:1.6993185450268465e-05
sig_x_p:2.0523406589168709e-05
sig_y_e:4.1202609860623059e-06
sig_y_p:4.2572456040544053e-06
Lum:2.3260494028465041e+34
========================
ind_col took 1271.21 ms in qcd12kmi (Rank = 0)

Lc:3.6719782836321438e+24
exp(arg):9.9999985123656265e-01
sig_x_e:1.7046095277617497e-05
sig_x_p:2.1017048497947736e-05
sig_y_e:4.0296800379887501e-06
sig_y_p:4.3221342468344151e-06
Lum:2.2962958243489252e+34
========================
ind_col took 1266.68 ms in qcd12kmi (Rank = 0)

Lc:3.6719782836321438e+24
exp(arg):9.9999712486587045e-01
sig_x_e:1.6943167692666201e-05
sig_x_p:2.0904514595830034e-05
sig_y_e:4.0194638998416253e-06
sig_y_p:4.3202669272444299e-06
Lum:2.3125404082692258e+34
ind_col took 0.094656 ms in qcd12kmi (Rank = 0)

========================
ind_col took 1264.26 ms in qcd12kmi (Rank = 0)

Lc:3.6719782836321438e+24
exp(arg):9.9999997298789678e-01
sig_x_e:1.8156464146718693e-05
sig_x_p:2.0938278497470794e-05
sig_y_e:4.2148559488560462e-06
sig_y_p:4.3180898492441337e-06
Lum:2.1957570678642011e+34
========================
ind_col took 1269.51 ms in qcd12kmi (Rank = 0)

Lc:3.6719782836321438e+24
exp(arg):9.9999866889820010e-01
sig_x_e:1.8316362388547049e-05
sig_x_p:2.1116326161928218e-05
sig_y_e:4.1373243227258353e-06
sig_y_p:4.3195907527995987e-06
Lum:2.1961815708700237e+34
========================
ind_col took 1258.06 ms in qcd12kmi (Rank = 0)

Lc:3.6719782836321438e+24
exp(arg):9.9999951334332571e-01
sig_x_e:1.8323972307971614e-05
sig_x_p:2.1418912187258990e-05
sig_y_e:4.0403286181922955e-06
sig_y_p:4.3100887540328294e-06
Lum:2.2050728257117676e+34
ind_col took 0.095904 ms in qcd12kmi (Rank = 0)

========================
ind_col took 1261 ms in qcd12kmi (Rank = 0)

Lc:3.6719782836321438e+24
exp(arg):9.9999795256009727e-01
sig_x_e:1.9068043844939094e-05
sig_x_p:2.1453837875127515e-05
sig_y_e:4.1716340818468799e-06
sig_y_p:4.3079406091897092e-06
Lum:2.1333298099246811e+34
========================
ind_col took 1262.51 ms in qcd12kmi (Rank = 0)

Lc:3.6719782836321438e+24
exp(arg):9.9999974140068781e-01
sig_x_e:1.9290257377537475e-05
sig_x_p:2.1665788364559314e-05
sig_y_e:4.2022951960037053e-06
sig_y_p:4.3096110060795573e-06
Lum:2.1029130608595579e+34
========================
ind_col took 1307.79 ms in qcd12kmi (Rank = 0)

Lc:3.6719782836321438e+24
exp(arg):9.9999464830217089e-01
sig_x_e:1.9418501580087824e-05
sig_x_p:2.1798807871912485e-05
sig_y_e:4.0519651072316136e-06
sig_y_p:4.3120036486498980e-06
Lum:2.1257047408418062e+34
ind_col took 0.097408 ms in qcd12kmi (Rank = 0)

========================
ind_col took 1257.92 ms in qcd12kmi (Rank = 0)

Lc:3.6719782836321438e+24
exp(arg):9.9999899039809526e-01
sig_x_e:1.9357382293320763e-05
sig_x_p:2.1585073628606041e-05
sig_y_e:4.0095195280573382e-06
sig_y_p:4.2434113978736506e-06
Lum:2.1693584194256072e+34
========================
ind_col took 1271.18 ms in qcd12kmi (Rank = 0)

Lc:3.6719782836321438e+24
exp(arg):9.9999963889989529e-01
sig_x_e:1.9588696330869219e-05
sig_x_p:2.1749224931428150e-05
sig_y_e:4.1194472008374691e-06
sig_y_p:4.2453621182929684e-06
Lum:2.1207218323002268e+34
========================
ind_col took 1289.14 ms in qcd12kmi (Rank = 0)

Lc:3.6719782836321438e+24
exp(arg):9.9999793070695842e-01
sig_x_e:1.9801317556359811e-05
sig_x_p:2.1923785514977994e-05
sig_y_e:4.0673874988336147e-06
sig_y_p:4.2411627099682022e-06
Lum:2.1151950072491950e+34
ind_col took 0.099008 ms in qcd12kmi (Rank = 0)

========================
ind_col took 1264.42 ms in qcd12kmi (Rank = 0)

Lc:3.6719782836321438e+24
exp(arg):9.9999729556523465e-01
sig_x_e:1.9037300238331417e-05
sig_x_p:2.1891165503944514e-05
sig_y_e:3.8749066514046018e-06
sig_y_p:4.2443022922595695e-06
Lum:2.2023559543311000e+34
========================
ind_col took 1272.61 ms in qcd12kmi (Rank = 0)

Lc:3.6719782836321438e+24
exp(arg):9.9999837424693583e-01
sig_x_e:1.9230649150335713e-05
sig_x_p:2.1371881674869092e-05
sig_y_e:3.9562895382842521e-06
sig_y_p:4.2703532443518982e-06
Lum:2.1939883852552141e+34
========================
ind_col took 1261.95 ms in qcd12kmi (Rank = 0)

Lc:3.6719782836321438e+24
exp(arg):9.9999876910340002e-01
sig_x_e:1.9463952602531734e-05
sig_x_p:2.1504922665518759e-05
sig_y_e:4.0372696824391038e-06
sig_y_p:4.2710316570506248e-06
Lum:2.1540372282181025e+34
ind_col took 0.09776 ms in qcd12kmi (Rank = 0)

========================
ind_col took 1272.32 ms in qcd12kmi (Rank = 0)

Lc:3.6719782836321438e+24
exp(arg):9.9999969143914713e-01
sig_x_e:1.8440673938925950e-05
sig_x_p:2.1469190855412191e-05
sig_y_e:3.9310977432307126e-06
sig_y_p:4.2642099702936224e-06
Lum:2.2370678278331379e+34
========================
ind_col took 1277.36 ms in qcd12kmi (Rank = 0)

Lc:3.6719782836321438e+24
exp(arg):9.9999879962688332e-01
sig_x_e:1.8533346267689926e-05
sig_x_p:2.1296825281163829e-05
sig_y_e:3.9237370449123243e-06
sig_y_p:4.2627894842665965e-06
Lum:2.2449298979528124e+34
========================
ind_col took 1268.23 ms in qcd12kmi (Rank = 0)

Lc:3.6719782836321438e+24
exp(arg):9.9999821358408703e-01
sig_x_e:1.8718079553636291e-05
sig_x_p:2.0991133412118741e-05
sig_y_e:4.0136803516049244e-06
sig_y_p:4.3289893768119022e-06
Lum:2.2116310013226895e+34
ind_col took 0.095744 ms in qcd12kmi (Rank = 0)

========================
ind_col took 1286.87 ms in qcd12kmi (Rank = 0)

Lc:3.6719782836321438e+24
exp(arg):9.9999838625664483e-01
sig_x_e:1.7929056159309151e-05
sig_x_p:2.0962131066059966e-05
sig_y_e:4.0937196422994882e-06
sig_y_p:4.3271670534476608e-06
Lum:2.2347904717719057e+34
========================
ind_col took 1289.95 ms in qcd12kmi (Rank = 0)

Lc:3.6719782836321438e+24
exp(arg):9.9999887948456512e-01
sig_x_e:1.7937803320702589e-05
sig_x_p:2.0723227366528862e-05
sig_y_e:4.0388682469573113e-06
sig_y_p:4.3213775432937817e-06
Lum:2.2649836134889153e+34
========================
ind_col took 1290.08 ms in qcd12kmi (Rank = 0)

Lc:3.6719782836321438e+24
exp(arg):9.9999798213955737e-01
sig_x_e:1.8041531160004366e-05
sig_x_p:2.0606625774965146e-05
sig_y_e:4.0809567373855487e-06
sig_y_p:4.3240982695061405e-06
Lum:2.2548818758474562e+34
ind_col took 0.0976 ms in qcd12kmi (Rank = 0)

Total Time took 151481 ms in qcd12kmi (Rank = 0)

Done simulation
